<?xml version="1.0" encoding="UTF-8"?>
<testng-results skipped="0" failed="0" total="1" passed="1">
  <reporter-output>
  </reporter-output>
  <suite name="Default suite" duration-ms="3614" started-at="2022-07-01T10:41:53Z" finished-at="2022-07-01T10:41:57Z">
    <groups>
    </groups>
    <test name="Default test" duration-ms="3614" started-at="2022-07-01T10:41:53Z" finished-at="2022-07-01T10:41:57Z">
      <class name="IBMFullStack.assignment.petsetoreUser">
        <test-method status="PASS" signature="deleteUser()[pri:0, instance:IBMFullStack.assignment.petsetoreUser@34033bd0]" name="deleteUser" duration-ms="3600" started-at="2022-07-01T16:11:53Z" finished-at="2022-07-01T16:11:57Z">
          <reporter-output>
          </reporter-output>
        </test-method> <!-- deleteUser -->
      </class> <!-- IBMFullStack.assignment.petsetoreUser -->
    </test> <!-- Default test -->
  </suite> <!-- Default suite -->
</testng-results>
